<?xml version="1.0" encoding="UTF-8"?>
<testsuite name="org.example.controller.TodoControllerTest" tests="5" skipped="0" failures="0" errors="0" timestamp="2021-08-11T12:29:55" hostname="JUNE" time="0.542">
  <properties/>
  <testcase name="create()" classname="org.example.controller.TodoControllerTest" time="0.382"/>
  <testcase name="deleteAll()" classname="org.example.controller.TodoControllerTest" time="0.011"/>
  <testcase name="readOneException()" classname="org.example.controller.TodoControllerTest" time="0.032"/>
  <testcase name="readAll()" classname="org.example.controller.TodoControllerTest" time="0.096"/>
  <testcase name="readOne()" classname="org.example.controller.TodoControllerTest" time="0.013"/>
  <system-out><![CDATA[21:29:51.657 [Test worker] DEBUG org.springframework.test.context.BootstrapUtils - Instantiating CacheAwareContextLoaderDelegate from class [org.springframework.test.context.cache.DefaultCacheAwareContextLoaderDelegate]
21:29:51.686 [Test worker] DEBUG org.springframework.test.context.BootstrapUtils - Instantiating BootstrapContext using constructor [public org.springframework.test.context.support.DefaultBootstrapContext(java.lang.Class,org.springframework.test.context.CacheAwareContextLoaderDelegate)]
21:29:51.762 [Test worker] DEBUG org.springframework.test.context.BootstrapUtils - Instantiating TestContextBootstrapper for test class [org.example.controller.TodoControllerTest] from class [org.springframework.boot.test.autoconfigure.web.servlet.WebMvcTestContextBootstrapper]
21:29:51.781 [Test worker] INFO org.springframework.boot.test.autoconfigure.web.servlet.WebMvcTestContextBootstrapper - Neither @ContextConfiguration nor @ContextHierarchy found for test class [org.example.controller.TodoControllerTest], using SpringBootContextLoader
21:29:51.787 [Test worker] DEBUG org.springframework.test.context.support.AbstractContextLoader - Did not detect default resource location for test class [org.example.controller.TodoControllerTest]: class path resource [org/example/controller/TodoControllerTest-context.xml] does not exist
21:29:51.788 [Test worker] DEBUG org.springframework.test.context.support.AbstractContextLoader - Did not detect default resource location for test class [org.example.controller.TodoControllerTest]: class path resource [org/example/controller/TodoControllerTestContext.groovy] does not exist
21:29:51.789 [Test worker] INFO org.springframework.test.context.support.AbstractContextLoader - Could not detect default resource locations for test class [org.example.controller.TodoControllerTest]: no resource found for suffixes {-context.xml, Context.groovy}.
21:29:51.790 [Test worker] INFO org.springframework.test.context.support.AnnotationConfigContextLoaderUtils - Could not detect default configuration classes for test class [org.example.controller.TodoControllerTest]: TodoControllerTest does not declare any static, non-private, non-final, nested classes annotated with @Configuration.
21:29:51.923 [Test worker] DEBUG org.springframework.test.context.support.ActiveProfilesUtils - Could not find an 'annotation declaring class' for annotation type [org.springframework.test.context.ActiveProfiles] and class [org.example.controller.TodoControllerTest]
21:29:52.052 [Test worker] DEBUG org.springframework.context.annotation.ClassPathScanningCandidateComponentProvider - Identified candidate component class: file [C:\Users\JUNEBOK\IdeaProjects\todo-server\build\classes\java\main\org\example\TodoServerApplication.class]
21:29:52.055 [Test worker] INFO org.springframework.boot.test.context.SpringBootTestContextBootstrapper - Found @SpringBootConfiguration org.example.TodoServerApplication for test class org.example.controller.TodoControllerTest
21:29:52.063 [Test worker] DEBUG org.springframework.boot.test.autoconfigure.web.servlet.WebMvcTestContextBootstrapper - @TestExecutionListeners is not present for class [org.example.controller.TodoControllerTest]: using defaults.
21:29:52.064 [Test worker] INFO org.springframework.boot.test.autoconfigure.web.servlet.WebMvcTestContextBootstrapper - Loaded default TestExecutionListener class names from location [META-INF/spring.factories]: [org.springframework.boot.test.autoconfigure.restdocs.RestDocsTestExecutionListener, org.springframework.boot.test.autoconfigure.web.client.MockRestServiceServerResetTestExecutionListener, org.springframework.boot.test.autoconfigure.web.servlet.MockMvcPrintOnlyOnFailureTestExecutionListener, org.springframework.boot.test.autoconfigure.web.servlet.WebDriverTestExecutionListener, org.springframework.boot.test.autoconfigure.webservices.client.MockWebServiceServerTestExecutionListener, org.springframework.boot.test.mock.mockito.MockitoTestExecutionListener, org.springframework.boot.test.mock.mockito.ResetMocksTestExecutionListener, org.springframework.test.context.web.ServletTestExecutionListener, org.springframework.test.context.support.DirtiesContextBeforeModesTestExecutionListener, org.springframework.test.context.event.ApplicationEventsTestExecutionListener, org.springframework.test.context.support.DependencyInjectionTestExecutionListener, org.springframework.test.context.support.DirtiesContextTestExecutionListener, org.springframework.test.context.transaction.TransactionalTestExecutionListener, org.springframework.test.context.jdbc.SqlScriptsTestExecutionListener, org.springframework.test.context.event.EventPublishingTestExecutionListener]
21:29:52.103 [Test worker] INFO org.springframework.boot.test.autoconfigure.web.servlet.WebMvcTestContextBootstrapper - Using TestExecutionListeners: [org.springframework.test.context.web.ServletTestExecutionListener@5693915b, org.springframework.test.context.support.DirtiesContextBeforeModesTestExecutionListener@69b148f8, org.springframework.test.context.event.ApplicationEventsTestExecutionListener@1cd1705e, org.springframework.boot.test.mock.mockito.MockitoTestExecutionListener@8bd1abe, org.springframework.boot.test.autoconfigure.SpringBootDependencyInjectionTestExecutionListener@426e4bbb, org.springframework.test.context.support.DirtiesContextTestExecutionListener@217b2d86, org.springframework.test.context.transaction.TransactionalTestExecutionListener@363ffa77, org.springframework.test.context.jdbc.SqlScriptsTestExecutionListener@56b77ee4, org.springframework.test.context.event.EventPublishingTestExecutionListener@6634c41a, org.springframework.boot.test.autoconfigure.restdocs.RestDocsTestExecutionListener@1edbc247, org.springframework.boot.test.autoconfigure.web.client.MockRestServiceServerResetTestExecutionListener@57fe7fa9, org.springframework.boot.test.autoconfigure.web.servlet.MockMvcPrintOnlyOnFailureTestExecutionListener@3ad36bec, org.springframework.boot.test.autoconfigure.web.servlet.WebDriverTestExecutionListener@7a076cb8, org.springframework.boot.test.autoconfigure.webservices.client.MockWebServiceServerTestExecutionListener@3a8e4045, org.springframework.boot.test.mock.mockito.ResetMocksTestExecutionListener@1e29638a]
21:29:52.113 [Test worker] DEBUG org.springframework.test.context.support.AbstractDirtiesContextTestExecutionListener - Before test class: context [DefaultTestContext@5938b419 testClass = TodoControllerTest, testInstance = [null], testMethod = [null], testException = [null], mergedContextConfiguration = [WebMergedContextConfiguration@4c53ebf testClass = TodoControllerTest, locations = '{}', classes = '{class org.example.TodoServerApplication}', contextInitializerClasses = '[]', activeProfiles = '{}', propertySourceLocations = '{}', propertySourceProperties = '{org.springframework.boot.test.autoconfigure.web.servlet.WebMvcTestContextBootstrapper=true}', contextCustomizers = set[org.springframework.boot.test.autoconfigure.OverrideAutoConfigurationContextCustomizerFactory$DisableAutoConfigurationContextCustomizer@57c87f81, org.springframework.boot.test.autoconfigure.actuate.metrics.MetricsExportContextCustomizerFactory$DisableMetricExportContextCustomizer@5afc267a, org.springframework.boot.test.autoconfigure.filter.TypeExcludeFiltersContextCustomizer@7d42f21b, org.springframework.boot.test.autoconfigure.properties.PropertyMappingContextCustomizer@e2a7d8d, org.springframework.boot.test.autoconfigure.web.servlet.WebDriverContextCustomizerFactory$Customizer@366e43aa, [ImportsContextCustomizer@46adb381 key = [org.springframework.boot.autoconfigure.cache.CacheAutoConfiguration, org.springframework.boot.autoconfigure.context.MessageSourceAutoConfiguration, org.springframework.boot.autoconfigure.data.web.SpringDataWebAutoConfiguration, org.springframework.boot.autoconfigure.freemarker.FreeMarkerAutoConfiguration, org.springframework.boot.autoconfigure.groovy.template.GroovyTemplateAutoConfiguration, org.springframework.boot.autoconfigure.gson.GsonAutoConfiguration, org.springframework.boot.autoconfigure.hateoas.HypermediaAutoConfiguration, org.springframework.boot.autoconfigure.http.HttpMessageConvertersAutoConfiguration, org.springframework.boot.autoconfigure.jackson.JacksonAutoConfiguration, org.springframework.boot.autoconfigure.jsonb.JsonbAutoConfiguration, org.springframework.boot.autoconfigure.mustache.MustacheAutoConfiguration, org.springframework.boot.autoconfigure.task.TaskExecutionAutoConfiguration, org.springframework.boot.autoconfigure.thymeleaf.ThymeleafAutoConfiguration, org.springframework.boot.autoconfigure.validation.ValidationAutoConfiguration, org.springframework.boot.autoconfigure.web.servlet.error.ErrorMvcAutoConfiguration, org.springframework.boot.autoconfigure.web.servlet.HttpEncodingAutoConfiguration, org.springframework.boot.autoconfigure.web.servlet.WebMvcAutoConfiguration, org.springframework.boot.test.autoconfigure.web.servlet.MockMvcAutoConfiguration, org.springframework.boot.test.autoconfigure.web.servlet.MockMvcWebClientAutoConfiguration, org.springframework.boot.test.autoconfigure.web.servlet.MockMvcWebDriverAutoConfiguration, org.springframework.boot.autoconfigure.security.oauth2.client.servlet.OAuth2ClientAutoConfiguration, org.springframework.boot.autoconfigure.security.oauth2.resource.servlet.OAuth2ResourceServerAutoConfiguration, org.springframework.boot.autoconfigure.security.servlet.SecurityAutoConfiguration, org.springframework.boot.autoconfigure.security.servlet.SecurityFilterAutoConfiguration, org.springframework.boot.autoconfigure.security.servlet.UserDetailsServiceAutoConfiguration, org.springframework.boot.test.autoconfigure.web.servlet.MockMvcSecurityConfiguration]], org.springframework.boot.test.context.filter.ExcludeFilterContextCustomizer@632e2b63, org.springframework.boot.test.json.DuplicateJsonObjectContextCustomizerFactory$DuplicateJsonObjectContextCustomizer@64786230, org.springframework.boot.test.mock.mockito.MockitoContextCustomizer@63fec912, org.springframework.boot.test.context.SpringBootTestArgs@1, org.springframework.boot.test.context.SpringBootTestWebEnvironment@0], resourceBasePath = 'src/main/webapp', contextLoader = 'org.springframework.boot.test.context.SpringBootContextLoader', parent = [null]], attributes = map[[empty]]], class annotated with @DirtiesContext [false] with mode [null].
21:29:52.190 [Test worker] DEBUG org.springframework.test.context.support.TestPropertySourceUtils - Adding inlined properties to environment: {spring.jmx.enabled=false, org.springframework.boot.test.autoconfigure.web.servlet.WebMvcTestContextBootstrapper=true}

  .   ____          _            __ _ _
 /\\ / ___'_ __ _ _(_)_ __  __ _ \ \ \ \
( ( )\___ | '_ | '_| | '_ \/ _` | \ \ \ \
 \\/  ___)| |_)| | | | | || (_| |  ) ) ) )
  '  |____| .__|_| |_|_| |_\__, | / / / /
 =========|_|==============|___/=/_/_/_/
 :: Spring Boot ::                (v2.4.2)

2021-08-11 21:29:52.829  INFO 55172 --- [    Test worker] o.example.controller.TodoControllerTest  : Starting TodoControllerTest using Java 11.0.12 on JUNE with PID 55172 (started by JUNEBOK in C:\Users\JUNEBOK\IdeaProjects\todo-server)
2021-08-11 21:29:52.838  INFO 55172 --- [    Test worker] o.example.controller.TodoControllerTest  : No active profile set, falling back to default profiles: default
2021-08-11 21:29:55.343  INFO 55172 --- [    Test worker] o.s.s.concurrent.ThreadPoolTaskExecutor  : Initializing ExecutorService 'applicationTaskExecutor'
2021-08-11 21:29:55.938  INFO 55172 --- [    Test worker] o.s.b.t.m.w.SpringBootMockServletContext : Initializing Spring TestDispatcherServlet ''
2021-08-11 21:29:55.938  INFO 55172 --- [    Test worker] o.s.t.web.servlet.TestDispatcherServlet  : Initializing Servlet ''
2021-08-11 21:29:55.940  INFO 55172 --- [    Test worker] o.s.t.web.servlet.TestDispatcherServlet  : Completed initialization in 2 ms
2021-08-11 21:29:55.977  INFO 55172 --- [    Test worker] o.example.controller.TodoControllerTest  : Started TodoControllerTest in 3.776 seconds (JVM running for 8.499)
2021-08-11 21:29:56.287  INFO 55172 --- [    Test worker] org.example.controller.TodoController    : CREATE
2021-08-11 21:29:56.381  INFO 55172 --- [    Test worker] org.example.controller.TodoController    : DELETE ALL
2021-08-11 21:29:56.409  INFO 55172 --- [    Test worker] org.example.controller.TodoController    : READ
2021-08-11 21:29:56.487  INFO 55172 --- [    Test worker] org.example.controller.TodoController    : READ ALL
2021-08-11 21:29:56.528  INFO 55172 --- [    Test worker] org.example.controller.TodoController    : READ
]]></system-out>
  <system-err><![CDATA[]]></system-err>
</testsuite>
